>>>> the_input:array([[[[ 0.95686275],
         [ 0.95686275],
         [ 0.95686275],
         ..., 
         [ 0.95686275],
         [ 0.95686275],
         [ 0.95686275]],

        [[ 0.95686275],
         [ 0.95686275],
         [ 0.9137255 ],
         ..., 
         [ 0.95686275],
         [ 0.95686275],
         [ 0.95686275]],

        [[ 0.95686275],
         [ 0.9137255 ],
         [ 0.83137256],
         ..., 
         [ 0.95686275],
         [ 0.95686275],
         [ 0.95686275]],

        ..., 
        [[ 0.95686275],
         [ 0.95686275],
         [ 0.95686275],
         ..., 
         [ 0.95686275],
         [ 0.95686275],
         [ 0.95686275]],

        [[ 0.95686275],
         [ 0.95686275],
         [ 0.95686275],
         ..., 
         [ 0.95686275],
         [ 0.95686275],
         [ 0.95686275]],

        [[ 0.95686275],
         [ 0.95686275],
         [ 0.95686275],
         ..., 
         [ 0.95686275],
         [ 0.95686275],
         [ 0.95686275]]],


       [[[ 0.99607843],
         [ 0.99607843],
         [ 0.99607843],
         ..., 
         [ 0.99607843],
         [ 0.99607843],
         [ 0.99607843]],

        [[ 0.99607843],
         [ 0.99607843],
         [ 0.99607843],
         ..., 
         [ 0.99607843],
         [ 0.99607843],
         [ 0.99607843]],

        [[ 0.99607843],
         [ 0.99607843],
         [ 0.99607843],
         ..., 
         [ 0.99607843],
         [ 0.99607843],
         [ 0.99607843]],

        ..., 
        [[ 0.99607843],
         [ 0.99607843],
         [ 0.99607843],
         ..., 
         [ 0.99607843],
         [ 0.99607843],
         [ 0.99607843]],

        [[ 0.99607843],
         [ 0.99607843],
         [ 0.99607843],
         ..., 
         [ 0.99607843],
         [ 0.99607843],
         [ 0.99607843]],

        [[ 0.99607843],
         [ 0.99607843],
         [ 0.99607843],
         ..., 
         [ 0.99607843],
         [ 0.99607843],
         [ 0.99607843]]],


       [[[ 0.93333334],
         [ 0.93333334],
         [ 0.93333334],
         ..., 
         [ 0.93333334],
         [ 0.93333334],
         [ 0.93333334]],

        [[ 0.93333334],
         [ 0.93333334],
         [ 0.93333334],
         ..., 
         [ 0.93333334],
         [ 0.93333334],
         [ 0.93333334]],

        [[ 0.93333334],
         [ 0.93333334],
         [ 0.93333334],
         ..., 
         [ 0.93333334],
         [ 0.93333334],
         [ 0.93333334]],

        ..., 
        [[ 0.93333334],
         [ 0.93333334],
         [ 0.93333334],
         ..., 
         [ 0.93333334],
         [ 0.93333334],
         [ 0.93333334]],

        [[ 0.93333334],
         [ 0.93333334],
         [ 0.93333334],
         ..., 
         [ 0.93333334],
         [ 0.93333334],
         [ 0.93333334]],

        [[ 0.93333334],
         [ 0.93333334],
         [ 0.93333334],
         ..., 
         [ 0.93333334],
         [ 0.93333334],
         [ 0.93333334]]],


       ..., 
       [[[ 0.98431373],
         [ 0.98431373],
         [ 0.98431373],
         ..., 
         [ 0.98431373],
         [ 0.98431373],
         [ 0.98431373]],

        [[ 0.98431373],
         [ 0.98431373],
         [ 0.98431373],
         ..., 
         [ 0.98431373],
         [ 0.98431373],
         [ 0.98431373]],

        [[ 0.98431373],
         [ 0.98431373],
         [ 0.98431373],
         ..., 
         [ 0.98431373],
         [ 0.98431373],
         [ 0.98431373]],

        ..., 
        [[ 0.98431373],
         [ 0.98431373],
         [ 0.98431373],
         ..., 
         [ 0.98431373],
         [ 0.98431373],
         [ 0.98431373]],

        [[ 0.98431373],
         [ 0.98431373],
         [ 0.98431373],
         ..., 
         [ 0.98431373],
         [ 0.98431373],
         [ 0.98431373]],

        [[ 0.98431373],
         [ 0.98431373],
         [ 0.98431373],
         ..., 
         [ 0.98431373],
         [ 0.98431373],
         [ 0.98431373]]],


       [[[ 0.94509804],
         [ 0.94509804],
         [ 0.94509804],
         ..., 
         [ 0.94509804],
         [ 0.94509804],
         [ 0.94509804]],

        [[ 0.94509804],
         [ 0.94509804],
         [ 0.94509804],
         ..., 
         [ 0.94509804],
         [ 0.94509804],
         [ 0.94509804]],

        [[ 0.94509804],
         [ 0.94509804],
         [ 0.94509804],
         ..., 
         [ 0.94509804],
         [ 0.94509804],
         [ 0.94509804]],

        ..., 
        [[ 0.94509804],
         [ 0.94509804],
         [ 0.94509804],
         ..., 
         [ 0.94509804],
         [ 0.94509804],
         [ 0.94509804]],

        [[ 0.94509804],
         [ 0.94509804],
         [ 0.94509804],
         ..., 
         [ 0.94509804],
         [ 0.94509804],
         [ 0.94509804]],

        [[ 0.94509804],
         [ 0.94509804],
         [ 0.94509804],
         ..., 
         [ 0.94509804],
         [ 0.94509804],
         [ 0.94509804]]],


       [[[ 0.93333334],
         [ 0.93333334],
         [ 0.93333334],
         ..., 
         [ 0.20392157],
         [ 0.93333334],
         [ 0.93333334]],

        [[ 0.93333334],
         [ 0.93333334],
         [ 0.93333334],
         ..., 
         [ 0.7647059 ],
         [ 0.87843138],
         [ 0.93333334]],

        [[ 0.93333334],
         [ 0.93333334],
         [ 0.93333334],
         ..., 
         [ 0.87843138],
         [ 0.93333334],
         [ 0.93333334]],

        ..., 
        [[ 0.93333334],
         [ 0.93333334],
         [ 0.93333334],
         ..., 
         [ 0.93333334],
         [ 0.87843138],
         [ 0.93333334]],

        [[ 0.93333334],
         [ 0.93333334],
         [ 0.93333334],
         ..., 
         [ 0.87843138],
         [ 0.7647059 ],
         [ 0.20392157]],

        [[ 0.93333334],
         [ 0.93333334],
         [ 0.93333334],
         ..., 
         [ 0.93333334],
         [ 0.20392157],
         [ 0.20392157]]]])
>>>> the_labels:array([[ 17.,  38.,  10.,  22.,  -1.,  -1.,  -1.,  -1.,  -1.,  -1.,  -1.,
         -1.,  -1.,  -1.,  -1.,  -1.],
       [ 13.,   1.,  51.,  23.,  -1.,  -1.,  -1.,  -1.,  -1.,  -1.,  -1.,
         -1.,  -1.,  -1.,  -1.,  -1.],
       [ 20.,  44.,  58.,  41.,  -1.,  -1.,  -1.,  -1.,  -1.,  -1.,  -1.,
         -1.,  -1.,  -1.,  -1.,  -1.],
       [ 17.,  43.,  28.,  57.,  -1.,  -1.,  -1.,  -1.,  -1.,  -1.,  -1.,
         -1.,  -1.,  -1.,  -1.,  -1.],
       [ 32.,  30.,  33.,  28.,  -1.,  -1.,  -1.,  -1.,  -1.,  -1.,  -1.,
         -1.,  -1.,  -1.,  -1.,  -1.],
       [ 16.,   8.,  48.,  55.,  -1.,  -1.,  -1.,  -1.,  -1.,  -1.,  -1.,
         -1.,  -1.,  -1.,  -1.,  -1.],
       [  7.,  20.,  13.,  51.,  -1.,  -1.,  -1.,  -1.,  -1.,  -1.,  -1.,
         -1.,  -1.,  -1.,  -1.,  -1.],
       [ 57.,  33.,   1.,  29.,  -1.,  -1.,  -1.,  -1.,  -1.,  -1.,  -1.,
         -1.,  -1.,  -1.,  -1.,  -1.],
       [ 61.,  41.,  54.,  13.,  -1.,  -1.,  -1.,  -1.,  -1.,  -1.,  -1.,
         -1.,  -1.,  -1.,  -1.,  -1.],
       [  0.,  57.,  40.,  16.,  -1.,  -1.,  -1.,  -1.,  -1.,  -1.,  -1.,
         -1.,  -1.,  -1.,  -1.,  -1.],
       [ 33.,  46.,  15.,  53.,  -1.,  -1.,  -1.,  -1.,  -1.,  -1.,  -1.,
         -1.,  -1.,  -1.,  -1.,  -1.],
       [ 39.,  14.,  10.,  38.,  -1.,  -1.,  -1.,  -1.,  -1.,  -1.,  -1.,
         -1.,  -1.,  -1.,  -1.,  -1.],
       [ 44.,  15.,  24.,  34.,  -1.,  -1.,  -1.,  -1.,  -1.,  -1.,  -1.,
         -1.,  -1.,  -1.,  -1.,  -1.],
       [ 26.,  26.,  16.,  40.,  -1.,  -1.,  -1.,  -1.,  -1.,  -1.,  -1.,
         -1.,  -1.,  -1.,  -1.,  -1.],
       [ 12.,  17.,  12.,  12.,  -1.,  -1.,  -1.,  -1.,  -1.,  -1.,  -1.,
         -1.,  -1.,  -1.,  -1.,  -1.],
       [ 30.,  21.,   9.,  18.,  -1.,  -1.,  -1.,  -1.,  -1.,  -1.,  -1.,
         -1.,  -1.,  -1.,  -1.,  -1.],
       [ 43.,  22.,  13.,  37.,  -1.,  -1.,  -1.,  -1.,  -1.,  -1.,  -1.,
         -1.,  -1.,  -1.,  -1.,  -1.],
       [ 59.,  35.,  45.,  32.,  -1.,  -1.,  -1.,  -1.,  -1.,  -1.,  -1.,
         -1.,  -1.,  -1.,  -1.,  -1.],
       [ 23.,   3.,  26.,  32.,  -1.,  -1.,  -1.,  -1.,  -1.,  -1.,  -1.,
         -1.,  -1.,  -1.,  -1.,  -1.],
       [ 41.,  58.,   4.,  40.,  -1.,  -1.,  -1.,  -1.,  -1.,  -1.,  -1.,
         -1.,  -1.,  -1.,  -1.,  -1.],
       [  5.,  48.,  55.,  43.,  -1.,  -1.,  -1.,  -1.,  -1.,  -1.,  -1.,
         -1.,  -1.,  -1.,  -1.,  -1.],
       [ 57.,  57.,  43.,  29.,  -1.,  -1.,  -1.,  -1.,  -1.,  -1.,  -1.,
         -1.,  -1.,  -1.,  -1.,  -1.],
       [ 27.,   4.,  58.,   2.,  -1.,  -1.,  -1.,  -1.,  -1.,  -1.,  -1.,
         -1.,  -1.,  -1.,  -1.,  -1.],
       [ 27.,  13.,  44.,  20.,  -1.,  -1.,  -1.,  -1.,  -1.,  -1.,  -1.,
         -1.,  -1.,  -1.,  -1.,  -1.],
       [ 50.,  30.,  29.,  33.,  -1.,  -1.,  -1.,  -1.,  -1.,  -1.,  -1.,
         -1.,  -1.,  -1.,  -1.,  -1.],
       [ 15.,  53.,   4.,   3.,  -1.,  -1.,  -1.,  -1.,  -1.,  -1.,  -1.,
         -1.,  -1.,  -1.,  -1.,  -1.],
       [ 14.,  19.,  11.,  10.,  -1.,  -1.,  -1.,  -1.,  -1.,  -1.,  -1.,
         -1.,  -1.,  -1.,  -1.,  -1.],
       [ 33.,  15.,  57.,  10.,  -1.,  -1.,  -1.,  -1.,  -1.,  -1.,  -1.,
         -1.,  -1.,  -1.,  -1.,  -1.],
       [  3.,  19.,  35.,  50.,  -1.,  -1.,  -1.,  -1.,  -1.,  -1.,  -1.,
         -1.,  -1.,  -1.,  -1.,  -1.],
       [ 21.,  15.,  41.,  28.,  -1.,  -1.,  -1.,  -1.,  -1.,  -1.,  -1.,
         -1.,  -1.,  -1.,  -1.,  -1.],
       [  4.,   3.,  28.,   4.,  -1.,  -1.,  -1.,  -1.,  -1.,  -1.,  -1.,
         -1.,  -1.,  -1.,  -1.,  -1.],
       [ 45.,  18.,  52.,  18.,  -1.,  -1.,  -1.,  -1.,  -1.,  -1.,  -1.,
         -1.,  -1.,  -1.,  -1.,  -1.]])
>>>> input_length:array([[ 38.],
       [ 38.],
       [ 38.],
       [ 38.],
       [ 38.],
       [ 38.],
       [ 38.],
       [ 38.],
       [ 38.],
       [ 38.],
       [ 38.],
       [ 38.],
       [ 38.],
       [ 38.],
       [ 38.],
       [ 38.],
       [ 38.],
       [ 38.],
       [ 38.],
       [ 38.],
       [ 38.],
       [ 38.],
       [ 38.],
       [ 38.],
       [ 38.],
       [ 38.],
       [ 38.],
       [ 38.],
       [ 38.],
       [ 38.],
       [ 38.],
       [ 38.]])
>>>> label_length:array([[ 4.],
       [ 4.],
       [ 4.],
       [ 4.],
       [ 4.],
       [ 4.],
       [ 4.],
       [ 4.],
       [ 4.],
       [ 4.],
       [ 4.],
       [ 4.],
       [ 4.],
       [ 4.],
       [ 4.],
       [ 4.],
       [ 4.],
       [ 4.],
       [ 4.],
       [ 4.],
       [ 4.],
       [ 4.],
       [ 4.],
       [ 4.],
       [ 4.],
       [ 4.],
       [ 4.],
       [ 4.],
       [ 4.],
       [ 4.],
       [ 4.],
       [ 4.]])
>>>> source_str:['hCam', 'd1Pn', 'kIWF', 'hHsV', 'wuxs', 'g8MT', '7kdP', 'Vx1t', 'ZFSd', '0VEg', 'xKfR', 'DeaC', 'Ifoy', 'qqgE', 'chcc', 'ul9i', 'HmdB', 'XzJw', 'n3qw', 'FW4E', '5MTH', 'VVHt', 'r4W2', 'rdIk', 'Outx', 'fR43', 'ejba', 'xfVa', '3jzO', 'lfFs', '43s4', 'JiQi']
