>>>> the_input:array([[[[ 0.83210342],
         [ 0.87756529],
         [ 1.        ],
         ..., 
         [ 0.94074394],
         [ 0.88187645],
         [ 0.84543838]],

        [[ 0.80562432],
         [ 0.83449344],
         [ 0.8434658 ],
         ..., 
         [ 1.        ],
         [ 0.95412394],
         [ 0.86642244]],

        [[ 0.92468755],
         [ 0.8637205 ],
         [ 0.77377404],
         ..., 
         [ 1.        ],
         [ 0.99435728],
         [ 0.84462656]],

        ..., 
        [[ 0.98001404],
         [ 0.97270349],
         [ 1.        ],
         ..., 
         [ 0.83907447],
         [ 0.93623349],
         [ 1.        ]],

        [[ 1.        ],
         [ 1.        ],
         [ 0.98509601],
         ..., 
         [ 0.96388904],
         [ 0.9365322 ],
         [ 1.        ]],

        [[ 1.        ],
         [ 1.        ],
         [ 1.        ],
         ..., 
         [ 1.        ],
         [ 0.95762978],
         [ 1.        ]]],


       [[[ 0.96588049],
         [ 0.98285123],
         [ 1.        ],
         ..., 
         [ 1.        ],
         [ 1.        ],
         [ 1.        ]],

        [[ 0.95246134],
         [ 0.93847188],
         [ 0.96149103],
         ..., 
         [ 1.        ],
         [ 1.        ],
         [ 1.        ]],

        [[ 0.96575813],
         [ 0.91866164],
         [ 0.9301132 ],
         ..., 
         [ 0.95357534],
         [ 0.97739035],
         [ 1.        ]],

        ..., 
        [[ 1.        ],
         [ 1.        ],
         [ 1.        ],
         ..., 
         [ 1.        ],
         [ 1.        ],
         [ 1.        ]],

        [[ 1.        ],
         [ 1.        ],
         [ 1.        ],
         ..., 
         [ 1.        ],
         [ 1.        ],
         [ 1.        ]],

        [[ 1.        ],
         [ 1.        ],
         [ 1.        ],
         ..., 
         [ 1.        ],
         [ 1.        ],
         [ 1.        ]]],


       [[[ 1.        ],
         [ 1.        ],
         [ 1.        ],
         ..., 
         [ 1.        ],
         [ 1.        ],
         [ 1.        ]],

        [[ 1.        ],
         [ 1.        ],
         [ 1.        ],
         ..., 
         [ 1.        ],
         [ 1.        ],
         [ 1.        ]],

        [[ 1.        ],
         [ 1.        ],
         [ 1.        ],
         ..., 
         [ 1.        ],
         [ 1.        ],
         [ 1.        ]],

        ..., 
        [[ 1.        ],
         [ 1.        ],
         [ 1.        ],
         ..., 
         [ 1.        ],
         [ 1.        ],
         [ 0.94967964]],

        [[ 1.        ],
         [ 1.        ],
         [ 1.        ],
         ..., 
         [ 1.        ],
         [ 1.        ],
         [ 1.        ]],

        [[ 0.95257317],
         [ 1.        ],
         [ 1.        ],
         ..., 
         [ 1.        ],
         [ 1.        ],
         [ 1.        ]]],


       ..., 
       [[[ 1.        ],
         [ 1.        ],
         [ 1.        ],
         ..., 
         [ 0.86572303],
         [ 0.74584644],
         [ 0.69773952]],

        [[ 0.95408132],
         [ 1.        ],
         [ 1.        ],
         ..., 
         [ 0.86402906],
         [ 0.7975311 ],
         [ 0.82509454]],

        [[ 0.90134969],
         [ 0.94379212],
         [ 0.95983221],
         ..., 
         [ 0.9151894 ],
         [ 0.9804151 ],
         [ 1.        ]],

        ..., 
        [[ 0.8484202 ],
         [ 0.86081663],
         [ 0.91109566],
         ..., 
         [ 1.        ],
         [ 1.        ],
         [ 0.89649457]],

        [[ 0.94817519],
         [ 0.93488782],
         [ 0.98940109],
         ..., 
         [ 1.        ],
         [ 0.92494237],
         [ 0.8012901 ]],

        [[ 1.        ],
         [ 1.        ],
         [ 1.        ],
         ..., 
         [ 1.        ],
         [ 0.87085994],
         [ 0.77496035]]],


       [[[ 0.88459825],
         [ 0.92836368],
         [ 0.99158298],
         ..., 
         [ 1.        ],
         [ 1.        ],
         [ 0.99471907]],

        [[ 0.98696939],
         [ 0.98998687],
         [ 1.        ],
         ..., 
         [ 0.95443557],
         [ 0.93450097],
         [ 0.92502003]],

        [[ 1.        ],
         [ 1.        ],
         [ 1.        ],
         ..., 
         [ 0.82661437],
         [ 0.84404738],
         [ 0.90271213]],

        ..., 
        [[ 1.        ],
         [ 1.        ],
         [ 1.        ],
         ..., 
         [ 1.        ],
         [ 0.95963665],
         [ 0.93767967]],

        [[ 1.        ],
         [ 1.        ],
         [ 1.        ],
         ..., 
         [ 0.94973193],
         [ 0.927041  ],
         [ 0.89005901]],

        [[ 1.        ],
         [ 1.        ],
         [ 1.        ],
         ..., 
         [ 0.89524119],
         [ 0.93883756],
         [ 0.93007015]]],


       [[[ 0.60922633],
         [ 0.69386132],
         [ 0.77458292],
         ..., 
         [ 0.95384907],
         [ 1.        ],
         [ 1.        ]],

        [[ 0.64857869],
         [ 0.77987658],
         [ 0.86535934],
         ..., 
         [ 1.        ],
         [ 1.        ],
         [ 1.        ]],

        [[ 0.81182806],
         [ 0.95375667],
         [ 0.98744455],
         ..., 
         [ 1.        ],
         [ 1.        ],
         [ 1.        ]],

        ..., 
        [[ 0.99317118],
         [ 0.93260998],
         [ 0.97911084],
         ..., 
         [ 1.        ],
         [ 1.        ],
         [ 1.        ]],

        [[ 1.        ],
         [ 1.        ],
         [ 1.        ],
         ..., 
         [ 1.        ],
         [ 1.        ],
         [ 1.        ]],

        [[ 1.        ],
         [ 1.        ],
         [ 1.        ],
         ..., 
         [ 0.92629979],
         [ 1.        ],
         [ 1.        ]]]])
>>>> the_labels:array([[ 19.,   7.,   4.,  -1.,  -1.,  -1.,  -1.,  -1.,  -1.,  -1.,  -1.,
         -1.,  -1.,  -1.,  -1.,  -1.],
       [ 17.,  12.,  15.,  -1.,  -1.,  -1.,  -1.,  -1.,  -1.,  -1.,  -1.,
         -1.,  -1.,  -1.,  -1.,  -1.],
       [ 14.,   5.,  -1.,  -1.,  -1.,  -1.,  -1.,  -1.,  -1.,  -1.,  -1.,
         -1.,  -1.,  -1.,  -1.,  -1.],
       [  0.,  17.,  15.,  19.,  -1.,  -1.,  -1.,  -1.,  -1.,  -1.,  -1.,
         -1.,  -1.,  -1.,  -1.,  -1.],
       [  0.,  13.,   3.,  -1.,  -1.,  -1.,  -1.,  -1.,  -1.,  -1.,  -1.,
         -1.,  -1.,  -1.,  -1.,  -1.],
       [  0.,  23.,  14.,  13.,  -1.,  -1.,  -1.,  -1.,  -1.,  -1.,  -1.,
         -1.,  -1.,  -1.,  -1.,  -1.],
       [ 19.,  14.,  -1.,  -1.,  -1.,  -1.,  -1.,  -1.,  -1.,  -1.,  -1.,
         -1.,  -1.,  -1.,  -1.,  -1.],
       [ 15.,   3.,  14.,  -1.,  -1.,  -1.,  -1.,  -1.,  -1.,  -1.,  -1.,
         -1.,  -1.,  -1.,  -1.,  -1.],
       [  0.,  -1.,  -1.,  -1.,  -1.,  -1.,  -1.,  -1.,  -1.,  -1.,  -1.,
         -1.,  -1.,  -1.,  -1.,  -1.],
       [  1.,  14.,  17.,   3.,  -1.,  -1.,  -1.,  -1.,  -1.,  -1.,  -1.,
         -1.,  -1.,  -1.,  -1.,  -1.],
       [  8.,  13.,  -1.,  -1.,  -1.,  -1.,  -1.,  -1.,  -1.,  -1.,  -1.,
         -1.,  -1.,  -1.,  -1.,  -1.],
       [  3.,   3.,   8.,  -1.,  -1.,  -1.,  -1.,  -1.,  -1.,  -1.,  -1.,
         -1.,  -1.,  -1.,  -1.,  -1.],
       [  5.,  14.,  17.,  -1.,  -1.,  -1.,  -1.,  -1.,  -1.,  -1.,  -1.,
         -1.,  -1.,  -1.,  -1.,  -1.],
       [ 15.,  14.,  11.,  18.,  -1.,  -1.,  -1.,  -1.,  -1.,  -1.,  -1.,
         -1.,  -1.,  -1.,  -1.,  -1.],
       [  8.,  18.,  -1.,  -1.,  -1.,  -1.,  -1.,  -1.,  -1.,  -1.,  -1.,
         -1.,  -1.,  -1.,  -1.,  -1.],
       [ 15.,  11.,   0.,  18.,  -1.,  -1.,  -1.,  -1.,  -1.,  -1.,  -1.,
         -1.,  -1.,  -1.,  -1.,  -1.],
       [ 14.,  13.,  -1.,  -1.,  -1.,  -1.,  -1.,  -1.,  -1.,  -1.,  -1.,
         -1.,  -1.,  -1.,  -1.,  -1.],
       [ 13.,   0.,   2.,   4.,  -1.,  -1.,  -1.,  -1.,  -1.,  -1.,  -1.,
         -1.,  -1.,  -1.,  -1.,  -1.],
       [ 19.,   7.,   0.,  19.,  -1.,  -1.,  -1.,  -1.,  -1.,  -1.,  -1.,
         -1.,  -1.,  -1.,  -1.,  -1.],
       [  6.,   3.,  17.,  -1.,  -1.,  -1.,  -1.,  -1.,  -1.,  -1.,  -1.,
         -1.,  -1.,  -1.,  -1.,  -1.],
       [  1.,  24.,  -1.,  -1.,  -1.,  -1.,  -1.,  -1.,  -1.,  -1.,  -1.,
         -1.,  -1.,  -1.,  -1.,  -1.],
       [ 15.,  16.,   8.,  -1.,  -1.,  -1.,  -1.,  -1.,  -1.,  -1.,  -1.,
         -1.,  -1.,  -1.,  -1.,  -1.],
       [ 19.,   7.,   8.,  18.,  -1.,  -1.,  -1.,  -1.,  -1.,  -1.,  -1.,
         -1.,  -1.,  -1.,  -1.,  -1.],
       [ 14.,  17.,  12.,  -1.,  -1.,  -1.,  -1.,  -1.,  -1.,  -1.,  -1.,
         -1.,  -1.,  -1.,  -1.,  -1.],
       [ 22.,   8.,  19.,   7.,  -1.,  -1.,  -1.,  -1.,  -1.,  -1.,  -1.,
         -1.,  -1.,  -1.,  -1.,  -1.],
       [  2.,   2.,   8.,   4.,  -1.,  -1.,  -1.,  -1.,  -1.,  -1.,  -1.,
         -1.,  -1.,  -1.,  -1.,  -1.],
       [  8.,  -1.,  -1.,  -1.,  -1.,  -1.,  -1.,  -1.,  -1.,  -1.,  -1.,
         -1.,  -1.,  -1.,  -1.,  -1.],
       [ 14.,  17.,  11.,  -1.,  -1.,  -1.,  -1.,  -1.,  -1.,  -1.,  -1.,
         -1.,  -1.,  -1.,  -1.,  -1.],
       [ 24.,  14.,  20.,  -1.,  -1.,  -1.,  -1.,  -1.,  -1.,  -1.,  -1.,
         -1.,  -1.,  -1.,  -1.,  -1.],
       [ 27.,   1.,   1.,   1.,   1.,   1.,   1.,   1.,   1.,   1.,   1.,
          1.,   1.,   1.,   1.,   1.],
       [ 27.,   1.,   1.,   1.,   1.,   1.,   1.,   1.,   1.,   1.,   1.,
          1.,   1.,   1.,   1.,   1.],
       [ 27.,   1.,   1.,   1.,   1.,   1.,   1.,   1.,   1.,   1.,   1.,
          1.,   1.,   1.,   1.,   1.]])
>>>> input_length:array([[ 38.],
       [ 38.],
       [ 38.],
       [ 38.],
       [ 38.],
       [ 38.],
       [ 38.],
       [ 38.],
       [ 38.],
       [ 38.],
       [ 38.],
       [ 38.],
       [ 38.],
       [ 38.],
       [ 38.],
       [ 38.],
       [ 38.],
       [ 38.],
       [ 38.],
       [ 38.],
       [ 38.],
       [ 38.],
       [ 38.],
       [ 38.],
       [ 38.],
       [ 38.],
       [ 38.],
       [ 38.],
       [ 38.],
       [ 38.],
       [ 38.],
       [ 38.]])
>>>> label_length:array([[ 3.],
       [ 3.],
       [ 2.],
       [ 4.],
       [ 3.],
       [ 4.],
       [ 2.],
       [ 3.],
       [ 1.],
       [ 4.],
       [ 2.],
       [ 3.],
       [ 3.],
       [ 4.],
       [ 2.],
       [ 4.],
       [ 2.],
       [ 4.],
       [ 4.],
       [ 3.],
       [ 2.],
       [ 3.],
       [ 4.],
       [ 3.],
       [ 4.],
       [ 4.],
       [ 1.],
       [ 3.],
       [ 3.],
       [ 1.],
       [ 1.],
       [ 1.]])
>>>> source_str:[u'the', u'rmp', u'of', u'arpt', u'and', u'axon', u'to', u'pdo', u'a', u'bord', u'in', u'ddi', u'for', u'pols', u'is', u'plas', u'on', u'nace', u'that', u'gdr', u'by', u'pqi', u'this', u'orm', u'with', u'ccie', u'i', u'orl', u'you', '', '', '']
